<?xml version="1.0" encoding="UTF-8"?>
<testsuite xmlns:xsi="http://www.w3.org/2001/XMLSchema-instance" xsi:noNamespaceSchemaLocation="https://maven.apache.org/surefire/maven-surefire-plugin/xsd/surefire-test-report-3.0.xsd" version="3.0" name="com.example.bankService.WorkflowTest" time="6.873" tests="1" errors="0" skipped="0" failures="0">
  <properties>
[...]
</properties>
  <testcase name="shouldExecuteHappyPath" classname="com.example.bankService.WorkflowTest" time="0.843">
    <system-out><![CDATA[14:20:43.461 [main] INFO  o.s.t.c.s.AnnotationConfigContextLoaderUtils - Could not detect default configuration classes for test class [com.example.bankService.WorkflowTest]: WorkflowTest does not declare any static, non-private, non-final, nested classes annotated with @Configuration.
14:20:43.573 [main] INFO  o.s.b.t.c.SpringBootTestContextBootstrapper - Found @SpringBootConfiguration com.example.bankService.Application for test class com.example.bankService.WorkflowTest
14:20:43.694 [main] INFO  o.s.t.c.s.AnnotationConfigContextLoaderUtils - Could not detect default configuration classes for test class [com.example.bankService.WorkflowTest]: WorkflowTest does not declare any static, non-private, non-final, nested classes annotated with @Configuration.
14:20:43.697 [main] INFO  o.s.b.t.c.SpringBootTestContextBootstrapper - Found @SpringBootConfiguration com.example.bankService.Application for test class com.example.bankService.WorkflowTest
14:20:43.881 [main] INFO  org.camunda.bpm.dmn.feel.scala - FEEL/SCALA-01001 Spin value mapper detected
14:20:43.940 [main] INFO  org.camunda.feel.FeelEngine - Engine created. [value-mapper: CompositeValueMapper(List(org.camunda.feel.impl.JavaValueMapper@67403656, org.camunda.spin.plugin.impl.feel.integration.SpinValueMapper@5a6482a9)), function-provider: org.camunda.bpm.dmn.feel.impl.scala.function.CustomFunctionTransformer@205b132e, clock: SystemClock, configuration: {externalFunctionsEnabled: false}]
14:20:45.579 [main] ERROR org.camunda.bpm.engine.persistence - ENGINE-03015 Problem during schema operation 'drop' with statement '-- 
-- 
-- 
-- 
alter table ACT_RE_DECISION_DEF 
drop constraint ACT_FK_DEC_REQ'. Cause: 'Table "ACT_RE_DECISION_DEF" not found; SQL statement:
-- 
-- 
-- 
-- 
alter table ACT_RE_DECISION_DEF 
drop constrain [42102-224]'
14:20:45.580 [main] ERROR org.camunda.bpm.engine.persistence - ENGINE-03015 Problem during schema operation 'drop' with statement 'drop index ACT_IDX_DEC_DEF_TENANT_ID'. Cause: 'Index "ACT_IDX_DEC_DEF_TENANT_ID" not found; SQL statement:
drop index ACT_IDX_DEC_DEF_TENANT_ID [42112-224]'
14:20:45.580 [main] ERROR org.camunda.bpm.engine.persistence - ENGINE-03015 Problem during schema operation 'drop' with statement 'drop index ACT_IDX_DEC_DEF_REQ_ID'. Cause: 'Index "ACT_IDX_DEC_DEF_REQ_ID" not found; SQL statement:
drop index ACT_IDX_DEC_DEF_REQ_ID [42112-224]'
14:20:45.580 [main] ERROR org.camunda.bpm.engine.persistence - ENGINE-03015 Problem during schema operation 'drop' with statement 'drop index ACT_IDX_DEC_REQ_DEF_TENANT_ID'. Cause: 'Index "ACT_IDX_DEC_REQ_DEF_TENANT_ID" not found; SQL statement:
drop index ACT_IDX_DEC_REQ_DEF_TENANT_ID [42112-224]'
14:20:45.581 [main] INFO  org.camunda.bpm.engine.persistence - ENGINE-03016 Performing database operation 'drop' on component 'decision.engine' with resource 'org/camunda/bpm/engine/db/drop/activiti.h2.drop.decision.engine.sql'
14:20:45.676 [main] INFO  org.camunda.bpm.engine.persistence - ENGINE-03016 Performing database operation 'create' on component 'engine' with resource 'org/camunda/bpm/engine/db/create/activiti.h2.create.engine.sql'
14:20:45.710 [main] INFO  org.camunda.bpm.engine.persistence - ENGINE-03016 Performing database operation 'create' on component 'history' with resource 'org/camunda/bpm/engine/db/create/activiti.h2.create.history.sql'
14:20:45.720 [main] INFO  org.camunda.bpm.engine.persistence - ENGINE-03016 Performing database operation 'create' on component 'identity' with resource 'org/camunda/bpm/engine/db/create/activiti.h2.create.identity.sql'
14:20:45.730 [main] INFO  org.camunda.bpm.engine.persistence - ENGINE-03016 Performing database operation 'create' on component 'case.engine' with resource 'org/camunda/bpm/engine/db/create/activiti.h2.create.case.engine.sql'
14:20:45.733 [main] INFO  org.camunda.bpm.engine.persistence - ENGINE-03016 Performing database operation 'create' on component 'case.history' with resource 'org/camunda/bpm/engine/db/create/activiti.h2.create.case.history.sql'
14:20:45.736 [main] INFO  org.camunda.bpm.engine.persistence - ENGINE-03016 Performing database operation 'create' on component 'decision.engine' with resource 'org/camunda/bpm/engine/db/create/activiti.h2.create.decision.engine.sql'
14:20:45.741 [main] INFO  org.camunda.bpm.engine.persistence - ENGINE-03016 Performing database operation 'create' on component 'decision.history' with resource 'org/camunda/bpm/engine/db/create/activiti.h2.create.decision.history.sql'
14:20:45.766 [main] INFO  org.camunda.bpm.engine.persistence - ENGINE-03067 No history level property found in database
14:20:45.768 [main] INFO  org.camunda.bpm.engine.persistence - ENGINE-03065 Creating historyLevel property in database for level: HistoryLevelFull(name=full, id=3)
14:20:45.784 [main] INFO  org.camunda.bpm.engine - ENGINE-00001 Process Engine default created.

 ____                                 _         ____  _       _    __                      
/ ___| __ _ _ __ ___  _   _ _ __   __| | __ _  |  _ \| | __ _| |_ / _| ___  _ __ _ __ ___  
| |   / _` | '_ ` _ \| | | | '_ \ / _` |/ _` | | |_) | |/ _` | __| |_ / _ \| '__| '_ ` _ \ 
| |__| (_| | | | | | | |_| | | | | (_| | (_| | |  __/| | (_| | |_|  _| (_) | |  | | | | | |
\____/\__,_|_| |_| |_|\__,_|_| |_|\__,_|\__,_| |_|   |_|\__,_|\__|_|  \___/|_|  |_| |_| |_|

  Spring-Boot:  (v3.3.3)
  Camunda Platform: (v7.22.0)
  Camunda Platform Spring Boot Starter: (v7.22.0)

14:20:46.059 [background-preinit] DEBUG org.jboss.logging - Logging Provider: org.jboss.logging.Slf4jLoggerProvider found via system property
14:20:46.059 [background-preinit] INFO  o.h.validator.internal.util.Version - HV000001: Hibernate Validator 8.0.1.Final
14:20:46.064 [background-preinit] DEBUG o.h.v.i.x.config.ValidationXmlParser - Trying to load META-INF/validation.xml for XML based Validator configuration.
14:20:46.065 [background-preinit] DEBUG o.h.v.i.x.c.ResourceLoaderHelper - Trying to load META-INF/validation.xml via TCCL
14:20:46.065 [background-preinit] DEBUG o.h.v.i.x.c.ResourceLoaderHelper - Trying to load META-INF/validation.xml via Hibernate Validator's class loader
14:20:46.065 [background-preinit] DEBUG o.h.v.i.x.config.ValidationXmlParser - No META-INF/validation.xml found. Using annotation based configuration only.
14:20:46.067 [background-preinit] DEBUG o.h.v.i.e.r.TraversableResolvers - Cannot find jakarta.persistence.Persistence on classpath. Assuming non JPA 2 environment. All properties will per default be traversable.
14:20:46.089 [main] INFO  c.example.bankService.WorkflowTest - Starting WorkflowTest using Java 17.0.3 with PID 8344 (started by rm113162 in C:\Users\rm113162\Documents\camunda-dev\bank-service-application)
14:20:46.089 [background-preinit] DEBUG o.h.v.m.ResourceBundleMessageInterpolator - Loaded expression factory via original TCCL
14:20:46.089 [main] DEBUG c.example.bankService.WorkflowTest - Running with Spring Boot v3.3.3, Spring v6.1.12
14:20:46.090 [main] INFO  c.example.bankService.WorkflowTest - No active profile set, falling back to 1 default profile: "default"
14:20:46.208 [background-preinit] DEBUG o.h.v.i.e.ValidatorFactoryConfigurationHelper - HV000252: Using org.hibernate.validator.internal.engine.DefaultPropertyNodeNameProvider as property node name provider.
14:20:46.212 [background-preinit] DEBUG o.h.v.i.e.ValidatorFactoryConfigurationHelper - HV000234: Using org.hibernate.validator.messageinterpolation.ResourceBundleMessageInterpolator as ValidatorFactory-scoped message interpolator.
14:20:46.212 [background-preinit] DEBUG o.h.v.i.e.ValidatorFactoryConfigurationHelper - HV000234: Using org.hibernate.validator.internal.engine.resolver.TraverseAllTraversableResolver as ValidatorFactory-scoped traversable resolver.
14:20:46.212 [background-preinit] DEBUG o.h.v.i.e.ValidatorFactoryConfigurationHelper - HV000234: Using org.hibernate.validator.internal.util.ExecutableParameterNameProvider as ValidatorFactory-scoped parameter name provider.
14:20:46.212 [background-preinit] DEBUG o.h.v.i.e.ValidatorFactoryConfigurationHelper - HV000234: Using org.hibernate.validator.internal.engine.DefaultClockProvider as ValidatorFactory-scoped clock provider.
14:20:46.213 [background-preinit] DEBUG o.h.v.i.e.ValidatorFactoryConfigurationHelper - HV000234: Using org.hibernate.validator.internal.engine.scripting.DefaultScriptEvaluatorFactory as ValidatorFactory-scoped script evaluator factory.
14:20:47.099 [main] DEBUG com.zaxxer.hikari.HikariConfig - Driver class org.h2.Driver found in Thread context class loader jdk.internal.loader.ClassLoaders$AppClassLoader@73d16e93
14:20:47.135 [main] INFO  org.camunda.bpm.spring.boot - STARTER-SB040 Setting up jobExecutor with corePoolSize=3, maxPoolSize:10
14:20:47.193 [main] INFO  org.camunda.bpm.engine.cfg - ENGINE-12003 Plugin 'CompositeProcessEnginePlugin[genericPropertiesConfiguration, camundaProcessEngineConfiguration, camundaDatasourceConfiguration, camundaJobConfiguration, camundaHistoryConfiguration, camundaMetricsConfiguration, camundaAuthorizationConfiguration, camundaDeploymentConfiguration, createAdminUserConfiguration, failedJobConfiguration, eventPublisherPlugin, ApplicationContextClassloaderSwitchPlugin, SpringBootSpinProcessEnginePlugin]' activated on process engine 'default'
14:20:47.791 [main] INFO  org.camunda.bpm.spring.boot - STARTER-SB021 Auto-Deploying resources: [file [C:\Users\rm113162\Documents\camunda-dev\bank-service-application\target\classes\dmn\choose-transport-to-home-dmn.dmn], file [C:\Users\rm113162\Documents\camunda-dev\bank-service-application\target\classes\bpmn\congratulation\bank-sms-congrats.bpmn], file [C:\Users\rm113162\Documents\camunda-dev\bank-service-application\target\classes\bpmn\smsVerification\sms_verification.bpmn], file [C:\Users\rm113162\Documents\camunda-dev\bank-service-application\target\classes\bpmn\deposit\deposit-opening.bpmn], file [C:\Users\rm113162\Documents\camunda-dev\bank-service-application\target\classes\process.bpmn], file [C:\Users\rm113162\Documents\camunda-dev\bank-service-application\target\classes\bpmn\congratulation\bank-email-congrats.bpmn], file [C:\Users\rm113162\Documents\camunda-dev\bank-service-application\target\classes\bpmn\credit\credit-obtaining.bpmn], file [C:\Users\rm113162\Documents\camunda-dev\bank-service-application\target\classes\bpmn\main\main-deposit-credit-process.bpmn], file [C:\Users\rm113162\Documents\camunda-dev\bank-service-application\target\classes\bpmn\goingHome\going-home.bpmn]]
14:20:47.792 [main] INFO  o.c.b.s.b.s.e.EventPublisherPlugin - EVENTING-001: Initialized Camunda Spring Boot Eventing Engine Plugin.
14:20:47.792 [main] INFO  o.c.b.s.b.s.e.EventPublisherPlugin - EVENTING-003: Task events will be published as Spring Events.
14:20:47.792 [main] INFO  o.c.b.s.b.s.e.EventPublisherPlugin - EVENTING-005: Execution events will be published as Spring Events.
14:20:47.792 [main] INFO  o.c.b.s.b.s.e.EventPublisherPlugin - EVENTING-009: Listeners will not be invoked if a skipCustomListeners API parameter is set to true by user.
14:20:47.793 [main] INFO  o.c.b.s.b.s.e.EventPublisherPlugin - EVENTING-007: History events will be published as Spring events.
14:20:47.796 [main] INFO  org.camunda.spin - SPIN-01010 Discovered Spin data format provider: org.camunda.spin.impl.json.jackson.format.JacksonJsonDataFormatProvider[name = application/json]
14:20:47.820 [main] INFO  org.camunda.spin - SPIN-01011 Discovered Spin data format configurator: class org.camunda.bpm.spring.boot.starter.spin.CamundaJacksonFormatConfiguratorJSR310[dataformat = org.camunda.spin.impl.json.jackson.format.JacksonJsonDataFormat]
14:20:47.820 [main] INFO  org.camunda.spin - SPIN-01011 Discovered Spin data format configurator: class org.camunda.bpm.spring.boot.starter.spin.CamundaJacksonFormatConfiguratorParameterNames[dataformat = org.camunda.spin.impl.json.jackson.format.JacksonJsonDataFormat]
14:20:47.820 [main] INFO  org.camunda.spin - SPIN-01011 Discovered Spin data format configurator: class org.camunda.bpm.spring.boot.starter.spin.CamundaJacksonFormatConfiguratorJdk8[dataformat = org.camunda.spin.impl.json.jackson.format.JacksonJsonDataFormat]
14:20:47.820 [main] INFO  org.camunda.spin - SPIN-01009 Discovered Spin data format: org.camunda.spin.impl.json.jackson.format.JacksonJsonDataFormat[name = application/json]
14:20:47.822 [main] INFO  org.camunda.bpm.dmn.feel.scala - FEEL/SCALA-01001 Spin value mapper detected
14:20:47.822 [main] INFO  org.camunda.feel.FeelEngine - Engine created. [value-mapper: CompositeValueMapper(List(org.camunda.feel.impl.JavaValueMapper@66226ab, org.camunda.spin.plugin.impl.feel.integration.SpinValueMapper@38093ffe)), function-provider: org.camunda.bpm.dmn.feel.impl.scala.function.CustomFunctionTransformer@4713b631, clock: SystemClock, configuration: {externalFunctionsEnabled: false}]
14:20:47.829 [main] DEBUG com.zaxxer.hikari.HikariConfig - HikariPool-1 - configuration:
14:20:47.833 [main] DEBUG com.zaxxer.hikari.HikariConfig - allowPoolSuspension.............false
14:20:47.833 [main] DEBUG com.zaxxer.hikari.HikariConfig - autoCommit......................true
14:20:47.833 [main] DEBUG com.zaxxer.hikari.HikariConfig - catalog.........................none
14:20:47.833 [main] DEBUG com.zaxxer.hikari.HikariConfig - connectionInitSql...............none
14:20:47.833 [main] DEBUG com.zaxxer.hikari.HikariConfig - connectionTestQuery.............none
14:20:47.833 [main] DEBUG com.zaxxer.hikari.HikariConfig - connectionTimeout...............30000
14:20:47.834 [main] DEBUG com.zaxxer.hikari.HikariConfig - dataSource......................none
14:20:47.834 [main] DEBUG com.zaxxer.hikari.HikariConfig - dataSourceClassName.............none
14:20:47.834 [main] DEBUG com.zaxxer.hikari.HikariConfig - dataSourceJNDI..................none
14:20:47.834 [main] DEBUG com.zaxxer.hikari.HikariConfig - dataSourceProperties............{password=<masked>}
14:20:47.835 [main] DEBUG com.zaxxer.hikari.HikariConfig - driverClassName................."org.h2.Driver"
14:20:47.835 [main] DEBUG com.zaxxer.hikari.HikariConfig - exceptionOverrideClassName......none
14:20:47.835 [main] DEBUG com.zaxxer.hikari.HikariConfig - healthCheckProperties...........{}
14:20:47.835 [main] DEBUG com.zaxxer.hikari.HikariConfig - healthCheckRegistry.............none
14:20:47.835 [main] DEBUG com.zaxxer.hikari.HikariConfig - idleTimeout.....................600000
14:20:47.835 [main] DEBUG com.zaxxer.hikari.HikariConfig - initializationFailTimeout.......1
14:20:47.835 [main] DEBUG com.zaxxer.hikari.HikariConfig - isolateInternalQueries..........false
14:20:47.835 [main] DEBUG com.zaxxer.hikari.HikariConfig - jdbcUrl.........................jdbc:h2:file:./camunda-h2-database
14:20:47.835 [main] DEBUG com.zaxxer.hikari.HikariConfig - keepaliveTime...................0
14:20:47.835 [main] DEBUG com.zaxxer.hikari.HikariConfig - leakDetectionThreshold..........0
14:20:47.835 [main] DEBUG com.zaxxer.hikari.HikariConfig - maxLifetime.....................1800000
14:20:47.835 [main] DEBUG com.zaxxer.hikari.HikariConfig - maximumPoolSize.................10
14:20:47.836 [main] DEBUG com.zaxxer.hikari.HikariConfig - metricRegistry..................none
14:20:47.836 [main] DEBUG com.zaxxer.hikari.HikariConfig - metricsTrackerFactory...........none
14:20:47.836 [main] DEBUG com.zaxxer.hikari.HikariConfig - minimumIdle.....................10
14:20:47.836 [main] DEBUG com.zaxxer.hikari.HikariConfig - password........................<masked>
14:20:47.836 [main] DEBUG com.zaxxer.hikari.HikariConfig - poolName........................"HikariPool-1"
14:20:47.836 [main] DEBUG com.zaxxer.hikari.HikariConfig - readOnly........................false
14:20:47.836 [main] DEBUG com.zaxxer.hikari.HikariConfig - registerMbeans..................false
14:20:47.836 [main] DEBUG com.zaxxer.hikari.HikariConfig - scheduledExecutor...............none
14:20:47.836 [main] DEBUG com.zaxxer.hikari.HikariConfig - schema..........................none
14:20:47.836 [main] DEBUG com.zaxxer.hikari.HikariConfig - threadFactory...................internal
14:20:47.836 [main] DEBUG com.zaxxer.hikari.HikariConfig - transactionIsolation............default
14:20:47.836 [main] DEBUG com.zaxxer.hikari.HikariConfig - username........................none
14:20:47.836 [main] DEBUG com.zaxxer.hikari.HikariConfig - validationTimeout...............5000
14:20:47.836 [main] INFO  com.zaxxer.hikari.HikariDataSource - HikariPool-1 - Starting...
14:20:47.957 [main] INFO  com.zaxxer.hikari.pool.HikariPool - HikariPool-1 - Added connection conn1: url=jdbc:h2:file:./camunda-h2-database user=
14:20:47.963 [main] INFO  com.zaxxer.hikari.HikariDataSource - HikariPool-1 - Start completed.
14:20:48.071 [HikariPool-1 housekeeper] DEBUG com.zaxxer.hikari.pool.HikariPool - HikariPool-1 - Pool stats (total=1, active=0, idle=1, waiting=0)
14:20:48.073 [HikariPool-1 connection adder] DEBUG com.zaxxer.hikari.pool.HikariPool - HikariPool-1 - Added connection conn2: url=jdbc:h2:file:./camunda-h2-database user=
14:20:48.118 [HikariPool-1 connection adder] DEBUG com.zaxxer.hikari.pool.HikariPool - HikariPool-1 - After adding stats (total=2, active=0, idle=2, waiting=0)
14:20:48.119 [HikariPool-1 connection adder] DEBUG com.zaxxer.hikari.pool.HikariPool - HikariPool-1 - Added connection conn3: url=jdbc:h2:file:./camunda-h2-database user=
14:20:48.165 [HikariPool-1 connection adder] DEBUG com.zaxxer.hikari.pool.HikariPool - HikariPool-1 - After adding stats (total=3, active=0, idle=3, waiting=0)
14:20:48.166 [HikariPool-1 connection adder] DEBUG com.zaxxer.hikari.pool.HikariPool - HikariPool-1 - Added connection conn4: url=jdbc:h2:file:./camunda-h2-database user=
14:20:48.196 [HikariPool-1 connection adder] DEBUG com.zaxxer.hikari.pool.HikariPool - HikariPool-1 - After adding stats (total=4, active=0, idle=4, waiting=0)
14:20:48.197 [HikariPool-1 connection adder] DEBUG com.zaxxer.hikari.pool.HikariPool - HikariPool-1 - Added connection conn5: url=jdbc:h2:file:./camunda-h2-database user=
14:20:48.228 [HikariPool-1 connection adder] DEBUG com.zaxxer.hikari.pool.HikariPool - HikariPool-1 - After adding stats (total=5, active=0, idle=5, waiting=0)
14:20:48.229 [HikariPool-1 connection adder] DEBUG com.zaxxer.hikari.pool.HikariPool - HikariPool-1 - Added connection conn6: url=jdbc:h2:file:./camunda-h2-database user=
14:20:48.261 [HikariPool-1 connection adder] DEBUG com.zaxxer.hikari.pool.HikariPool - HikariPool-1 - After adding stats (total=6, active=0, idle=6, waiting=0)
14:20:48.262 [HikariPool-1 connection adder] DEBUG com.zaxxer.hikari.pool.HikariPool - HikariPool-1 - Added connection conn7: url=jdbc:h2:file:./camunda-h2-database user=
14:20:48.306 [HikariPool-1 connection adder] DEBUG com.zaxxer.hikari.pool.HikariPool - HikariPool-1 - After adding stats (total=7, active=0, idle=7, waiting=0)
14:20:48.307 [HikariPool-1 connection adder] DEBUG com.zaxxer.hikari.pool.HikariPool - HikariPool-1 - Added connection conn8: url=jdbc:h2:file:./camunda-h2-database user=
14:20:48.338 [HikariPool-1 connection adder] DEBUG com.zaxxer.hikari.pool.HikariPool - HikariPool-1 - After adding stats (total=8, active=0, idle=8, waiting=0)
14:20:48.338 [HikariPool-1 connection adder] DEBUG com.zaxxer.hikari.pool.HikariPool - HikariPool-1 - Added connection conn9: url=jdbc:h2:file:./camunda-h2-database user=
14:20:48.370 [HikariPool-1 connection adder] DEBUG com.zaxxer.hikari.pool.HikariPool - HikariPool-1 - After adding stats (total=9, active=0, idle=9, waiting=0)
14:20:48.370 [HikariPool-1 connection adder] DEBUG com.zaxxer.hikari.pool.HikariPool - HikariPool-1 - Added connection conn10: url=jdbc:h2:file:./camunda-h2-database user=
14:20:48.415 [HikariPool-1 connection adder] DEBUG com.zaxxer.hikari.pool.HikariPool - HikariPool-1 - After adding stats (total=10, active=0, idle=10, waiting=0)
14:20:48.505 [main] INFO  org.camunda.bpm.engine - ENGINE-00001 Process Engine default created.
14:20:49.170 [main] INFO  o.c.b.s.b.s.r.CamundaJerseyResourceConfig - Configuring camunda rest api.
14:20:49.202 [main] INFO  o.c.b.s.b.s.r.CamundaJerseyResourceConfig - Finished configuring camunda rest api.
14:20:49.380 [main] DEBUG o.h.v.m.ResourceBundleMessageInterpolator - Loaded expression factory via original TCCL
14:20:49.385 [main] DEBUG o.h.v.i.e.AbstractConfigurationImpl - Setting custom MessageInterpolator of type org.springframework.validation.beanvalidation.LocaleContextMessageInterpolator
14:20:49.385 [main] DEBUG o.h.v.i.e.AbstractConfigurationImpl - Setting custom ConstraintValidatorFactory of type org.springframework.validation.beanvalidation.SpringConstraintValidatorFactory
14:20:49.387 [main] DEBUG o.h.v.i.x.config.ValidationXmlParser - Trying to load META-INF/validation.xml for XML based Validator configuration.
14:20:49.387 [main] DEBUG o.h.v.i.x.c.ResourceLoaderHelper - Trying to load META-INF/validation.xml via user class loader
14:20:49.387 [main] DEBUG o.h.v.i.x.c.ResourceLoaderHelper - Trying to load META-INF/validation.xml via TCCL
14:20:49.387 [main] DEBUG o.h.v.i.x.c.ResourceLoaderHelper - Trying to load META-INF/validation.xml via Hibernate Validator's class loader
14:20:49.387 [main] DEBUG o.h.v.i.x.config.ValidationXmlParser - No META-INF/validation.xml found. Using annotation based configuration only.
14:20:49.388 [main] DEBUG o.h.v.i.e.r.TraversableResolvers - Cannot find jakarta.persistence.Persistence on classpath. Assuming non JPA 2 environment. All properties will per default be traversable.
14:20:49.389 [main] DEBUG o.h.v.i.e.ValidatorFactoryConfigurationHelper - HV000252: Using org.hibernate.validator.internal.engine.DefaultPropertyNodeNameProvider as property node name provider.
14:20:49.389 [main] DEBUG o.h.v.i.e.ValidatorFactoryConfigurationHelper - HV000234: Using org.springframework.validation.beanvalidation.LocaleContextMessageInterpolator as ValidatorFactory-scoped message interpolator.
14:20:49.390 [main] DEBUG o.h.v.i.e.ValidatorFactoryConfigurationHelper - HV000234: Using org.hibernate.validator.internal.engine.resolver.TraverseAllTraversableResolver as ValidatorFactory-scoped traversable resolver.
14:20:49.390 [main] DEBUG o.h.v.i.e.ValidatorFactoryConfigurationHelper - HV000234: Using org.hibernate.validator.internal.util.ExecutableParameterNameProvider as ValidatorFactory-scoped parameter name provider.
14:20:49.390 [main] DEBUG o.h.v.i.e.ValidatorFactoryConfigurationHelper - HV000234: Using org.hibernate.validator.internal.engine.DefaultClockProvider as ValidatorFactory-scoped clock provider.
14:20:49.390 [main] DEBUG o.h.v.i.e.ValidatorFactoryConfigurationHelper - HV000234: Using org.hibernate.validator.internal.engine.scripting.DefaultScriptEvaluatorFactory as ValidatorFactory-scoped script evaluator factory.
14:20:49.515 [main] DEBUG _.s.w.s.HandlerMapping.Mappings - 
	c.e.b.c.BankController:
	{POST [/bank/start/{businessKey}]}: startBankProcess(String)
14:20:49.523 [main] DEBUG _.s.w.s.HandlerMapping.Mappings - 
	o.s.b.a.w.s.e.BasicErrorController:
	{ [/error]}: error(HttpServletRequest)
	{ [/error], produces [text/html]}: errorHtml(HttpServletRequest,HttpServletResponse)
14:20:49.539 [main] DEBUG _.s.w.s.HandlerMapping.Mappings - 'viewControllerHandlerMapping' {/=ParameterizableViewController [view=org.springframework.web.servlet.view.RedirectView: [RedirectView]; URL [/camunda/app/]]}
14:20:49.542 [main] DEBUG _.s.w.s.HandlerMapping.Mappings - 'beanNameHandlerMapping' {}
14:20:49.569 [main] DEBUG _.s.w.s.HandlerMapping.Mappings - 'resourceHandlerMapping' {/webjars/**=ResourceHttpRequestHandler [classpath [META-INF/resources/webjars/]], /**=ResourceHttpRequestHandler [classpath [META-INF/resources/], classpath [resources/], classpath [static/], classpath [public/], ServletContext [/]], /camunda/lib/**=ResourceHttpRequestHandler [classpath [META-INF/resources/webjars/camunda/lib/]], /camunda/api/**=ResourceHttpRequestHandler [classpath [api/]], /camunda/app/**=ResourceHttpRequestHandler [classpath [META-INF/resources/webjars/camunda/app/]], /camunda/assets/**=ResourceHttpRequestHandler [classpath [META-INF/resources/webjars/camunda/assets/]], /camunda/favicon.ico=ResourceHttpRequestHandler [classpath [META-INF/resources/webjars/camunda]]}
14:20:49.748 [main] INFO  c.example.bankService.WorkflowTest - Started WorkflowTest in 3.927 seconds (process running for 6.873)
14:20:49.752 [main] INFO  org.camunda.bpm.engine.jobexecutor - ENGINE-14014 Starting up the JobExecutor[org.camunda.bpm.engine.spring.components.jobexecutor.SpringJobExecutor].
14:20:49.754 [JobExecutor[org.camunda.bpm.engine.spring.components.jobexecutor.SpringJobExecutor]] INFO  org.camunda.bpm.engine.jobexecutor - ENGINE-14018 JobExecutor[org.camunda.bpm.engine.spring.components.jobexecutor.SpringJobExecutor] starting to acquire jobs
14:20:50.613 [main] DEBUG org.camunda.bpm.engine.test - annotation @Deployment deletes deployment for WorkflowTest.shouldExecuteHappyPath
]]></system-out>
  </testcase>
</testsuite>